0 info it worked if it ends with ok
1 verbose cli [ '/usr/bin/node', '/usr/bin/npm', 'run', 'build' ]
2 info using npm@3.5.2
3 info using node@v8.10.0
4 verbose config Skipping project config: /home/website/.npmrc. (matches userconfig)
5 verbose run-script [ 'prebuild', 'build', 'postbuild' ]
6 info lifecycle test@1.0.0~prebuild: test@1.0.0
7 silly lifecycle test@1.0.0~prebuild: no script for prebuild, continuing
8 info lifecycle test@1.0.0~build: test@1.0.0
9 verbose lifecycle test@1.0.0~build: unsafe-perm in lifecycle true
10 verbose lifecycle test@1.0.0~build: PATH: /usr/share/npm/bin/node-gyp-bin:/home/website/node_modules/.bin:/usr/local/sbin:/usr/local/bin:/usr/sbin:/usr/bin:/sbin:/bin:/usr/games:/usr/local/games
11 verbose lifecycle test@1.0.0~build: CWD: /home/website
12 silly lifecycle test@1.0.0~build: Args: [ '-c', 'webpack' ]
13 silly lifecycle test@1.0.0~build: Returned: code: 143  signal: null
14 info lifecycle test@1.0.0~build: Failed to exec build script
15 verbose stack Error: test@1.0.0 build: `webpack`
15 verbose stack Exit status 143
15 verbose stack     at EventEmitter.<anonymous> (/usr/share/npm/lib/utils/lifecycle.js:232:16)
15 verbose stack     at emitTwo (events.js:126:13)
15 verbose stack     at EventEmitter.emit (events.js:214:7)
15 verbose stack     at ChildProcess.<anonymous> (/usr/share/npm/lib/utils/spawn.js:24:14)
15 verbose stack     at emitTwo (events.js:126:13)
15 verbose stack     at ChildProcess.emit (events.js:214:7)
15 verbose stack     at maybeClose (internal/child_process.js:925:16)
15 verbose stack     at Process.ChildProcess._handle.onexit (internal/child_process.js:209:5)
16 verbose pkgid test@1.0.0
17 verbose cwd /home/website
18 error Linux 4.15.0-76-generic
19 error argv "/usr/bin/node" "/usr/bin/npm" "run" "build"
20 error node v8.10.0
21 error npm  v3.5.2
22 error code ELIFECYCLE
23 error test@1.0.0 build: `webpack`
23 error Exit status 143
24 error Failed at the test@1.0.0 build script 'webpack'.
24 error Make sure you have the latest version of node.js and npm installed.
24 error If you do, this is most likely a problem with the test package,
24 error not with npm itself.
24 error Tell the author that this fails on your system:
24 error     webpack
24 error You can get information on how to open an issue for this project with:
24 error     npm bugs test
24 error Or if that isn't available, you can get their info via:
24 error     npm owner ls test
24 error There is likely additional logging output above.
25 verbose exit [ 1, true ]
